<?xml version="1.0" encoding="UTF-8"?>
<!-- Generated by org.testng.reporters.JUnitXMLReporter -->
<testsuite ignored="0" hostname="DESKTOP-RK351ID" failures="0" tests="6" name="Default test" time="6.663" errors="0" timestamp="2019-09-25T21:39:37 CDT">
  <testcase classname="com.tests.GetAPIByID" name="validateIDNotAvailable" time="0.394"/>
  <testcase classname="com.tests.GetAPIByID" name="validateIDWithInvalid" time="0.672"/>
  <testcase classname="com.tests.GetAPIByID" name="validateMandatoryFields" time="0.001"/>
  <testcase classname="com.tests.GetAPIByID" name="validateNameIsNotNull" time="0.002"/>
  <testcase classname="com.tests.GetAPIByID" name="validateStatus" time="0.004"/>
  <testcase classname="com.tests.GetAPIByID" name="validateUrlData" time="0.003"/>
</testsuite> <!-- Default test -->
