<?xml version="1.0" encoding="UTF-8"?>
<!-- Generated by org.testng.reporters.JUnitXMLReporter -->
<testsuite ignored="0" hostname="DESKTOP-RK351ID" failures="0" tests="12" name="PlanetsAPI" time="4.026" errors="0" timestamp="2019-09-25T21:39:48 CDT">
  <testcase classname="com.tests.GetAPITest" name="validateResultIsNotNull" time="0.012"/>
  <testcase classname="com.tests.GetAPITest" name="validateCount" time="0.001"/>
  <testcase classname="com.tests.GetAPITest" name="validateStatus" time="0.003"/>
  <testcase classname="com.tests.GetAPITest" name="validatePageInvalid" time="0.355"/>
  <testcase classname="com.tests.GetAPIByID" name="validateMandatoryFields" time="0.001"/>
  <testcase classname="com.tests.GetAPIByID" name="validateIDWithInvalid" time="0.825"/>
  <testcase classname="com.tests.GetAPIByID" name="validateIDNotAvailable" time="0.992"/>
  <testcase classname="com.tests.GetAPIByID" name="validateNameIsNotNull" time="0.0"/>
  <testcase classname="com.tests.GetAPITest" name="validateNameIsNotNull" time="2.764"/>
  <testcase classname="com.tests.GetAPITest" name="validateResultIsNotMoreThan10" time="2.93"/>
  <testcase classname="com.tests.GetAPIByID" name="validateStatus" time="0.001"/>
  <testcase classname="com.tests.GetAPIByID" name="validateUrlData" time="0.001"/>
</testsuite> <!-- PlanetsAPI -->
